Build started 12/18/2017 11:06:31 PM.
     1>Project "C:\Users\nada\Documents\draw\bgi.vcxproj" on node 2 (Build target(s)).
     1>ClCompile:
         c:\Program Files (x86)\Microsoft Visual Studio 10.0\VC\bin\CL.exe /c /ZI /nologo /W3 /WX- /Od /Oy- /D _MBCS /Gm /EHsc /RTC1 /MDd /GS /fp:precise /Zc:wchar_t /Zc:forScope /Fo"Debug\\" /Fd"Debug\vc100.pdb" /Gd /TP /analyze- /errorReport:prompt parser.cpp
         parser.cpp
     1>c:\users\nada\documents\draw\parser.cpp(92): warning C4996: 'strcpy': This function or variable may be unsafe. Consider using strcpy_s instead. To disable deprecation, use _CRT_SECURE_NO_WARNINGS. See online help for details.
                 c:\program files (x86)\microsoft visual studio 10.0\vc\include\string.h(105) : see declaration of 'strcpy'
     1>c:\users\nada\documents\draw\parser.cpp(100): warning C4996: 'strcpy': This function or variable may be unsafe. Consider using strcpy_s instead. To disable deprecation, use _CRT_SECURE_NO_WARNINGS. See online help for details.
                 c:\program files (x86)\microsoft visual studio 10.0\vc\include\string.h(105) : see declaration of 'strcpy'
     1>c:\users\nada\documents\draw\parser.cpp(222): warning C4996: 'strcpy': This function or variable may be unsafe. Consider using strcpy_s instead. To disable deprecation, use _CRT_SECURE_NO_WARNINGS. See online help for details.
                 c:\program files (x86)\microsoft visual studio 10.0\vc\include\string.h(105) : see declaration of 'strcpy'
     1>c:\users\nada\documents\draw\parser.cpp(252): warning C4996: 'strcpy': This function or variable may be unsafe. Consider using strcpy_s instead. To disable deprecation, use _CRT_SECURE_NO_WARNINGS. See online help for details.
                 c:\program files (x86)\microsoft visual studio 10.0\vc\include\string.h(105) : see declaration of 'strcpy'
     1>c:\users\nada\documents\draw\parser.cpp(301): warning C4996: 'strcpy': This function or variable may be unsafe. Consider using strcpy_s instead. To disable deprecation, use _CRT_SECURE_NO_WARNINGS. See online help for details.
                 c:\program files (x86)\microsoft visual studio 10.0\vc\include\string.h(105) : see declaration of 'strcpy'
     1>c:\users\nada\documents\draw\parser.cpp(340): warning C4996: 'strcpy': This function or variable may be unsafe. Consider using strcpy_s instead. To disable deprecation, use _CRT_SECURE_NO_WARNINGS. See online help for details.
                 c:\program files (x86)\microsoft visual studio 10.0\vc\include\string.h(105) : see declaration of 'strcpy'
     1>c:\users\nada\documents\draw\parser.cpp(353): warning C4996: 'strcpy': This function or variable may be unsafe. Consider using strcpy_s instead. To disable deprecation, use _CRT_SECURE_NO_WARNINGS. See online help for details.
                 c:\program files (x86)\microsoft visual studio 10.0\vc\include\string.h(105) : see declaration of 'strcpy'
       Link:
         c:\Program Files (x86)\Microsoft Visual Studio 10.0\VC\bin\link.exe /ERRORREPORT:PROMPT /OUT:"C:\Users\nada\Documents\draw\Debug\bgi.exe" /NOLOGO kernel32.lib user32.lib gdi32.lib winspool.lib comdlg32.lib advapi32.lib shell32.lib ole32.lib oleaut32.lib uuid.lib odbc32.lib odbccp32.lib /MANIFEST /ManifestFile:"Debug\bgi.exe.intermediate.manifest" /MANIFESTUAC:"level='asInvoker' uiAccess='false'" /DEBUG /PDB:"C:\Users\nada\Documents\draw\Debug\bgi.pdb" /TLBID:1 /DYNAMICBASE /NXCOMPAT /IMPLIB:"C:\Users\nada\Documents\draw\Debug\bgi.lib" /MACHINE:X86 Debug\bgiout.obj
         Debug\dibutil.obj
         Debug\drawing.obj
         Debug\file.obj
         Debug\misc.obj
         Debug\mouse.obj
         Debug\palette.obj
         Debug\main.obj
         Debug\parser.obj
         Debug\text.obj
         Debug\winbgi.obj
         Debug\winthread.obj
         LINK : C:\Users\nada\Documents\draw\Debug\bgi.exe not found or not built by the last incremental link; performing full link
     1>LINK : warning LNK4031: no subsystem specified; CONSOLE assumed
         bgi.vcxproj -> C:\Users\nada\Documents\draw\Debug\bgi.exe
       Manifest:
         C:\Program Files (x86)\Microsoft SDKs\Windows\v7.0A\bin\mt.exe /nologo /verbose /outputresource:"C:\Users\nada\Documents\draw\Debug\bgi.exe;#1" /manifest Debug\bgi.exe.intermediate.manifest
     1>Done Building Project "C:\Users\nada\Documents\draw\bgi.vcxproj" (Build target(s)).

Build succeeded.

Time Elapsed 00:00:03.57
